<?xml version="1.0" encoding="UTF-8" ?>
<testsuite tests="7" failures="2" name="com.cucumber.SelenimMavenTask.cukesRunnerTest" time="0.025" errors="0" skipped="1">
  <properties>
[...]
</properties>
  <testcase classname="Scenario: Looking for Nikon model" name="Given I navigated to the &quot;http://www.amazon.com&quot; website" time="0.005"/>
  <testcase classname="Scenario: Looking for Nikon model" name="When I search Nikon and click Go" time="0"/>
  <testcase classname="Scenario: Looking for Nikon model" name="Then I sort the results from highest to lowest" time="0"/>
  <testcase classname="Scenario: Looking for Nikon model" name="And select the second product and click for details" time="0"/>
  <testcase classname="Scenario: Looking for Nikon model" name="Then check the product details contains Nikon D3X" time="0.005">
    <failure type="java.lang.AssertionError">java.lang.AssertionError
	at org.junit.Assert.fail(Assert.java:86)
	at org.junit.Assert.assertTrue(Assert.java:41)
	at org.junit.Assert.assertTrue(Assert.java:52)
	at com.cucumber.SelenimMavenTask.stepDefinitions.check_Nikon_model(stepDefinitions.java:109)
	at ✽.Then check the product details contains Nikon D3X(cucumberTests.feature:8)
</failure>
    <system-out>5. verify if the product details contains model Nikon D3X
</system-out>
  </testcase>
  <testcase classname="Scenario: Looking for Nikon model" name="Scenario: Looking for Nikon model" time="0.007">
    <failure type="java.lang.AssertionError">java.lang.AssertionError
	at org.junit.Assert.fail(Assert.java:86)
	at org.junit.Assert.assertTrue(Assert.java:41)
	at org.junit.Assert.assertTrue(Assert.java:52)
	at com.cucumber.SelenimMavenTask.stepDefinitions.check_Nikon_model(stepDefinitions.java:109)
	at ✽.Then check the product details contains Nikon D3X(cucumberTests.feature:8)
</failure>
  </testcase>
  <testcase classname="Scenario: Looking for Nikon model" name="And Close the browser" time="0.008">
    <skipped/>
  </testcase>
</testsuite>